#
# A fatal error has been detected by the Java Runtime Environment:
#
#  EXCEPTION_ACCESS_VIOLATION (0xc0000005) at pc=0x0000000070058845, pid=9868, tid=2772
#
# JRE version: Java(TM) SE Runtime Environment (8.0_60-b27) (build 1.8.0_60-b27)
# Java VM: Java HotSpot(TM) 64-Bit Server VM (25.60-b23 mixed mode windows-amd64 compressed oops)
# Problematic frame:
# V  [jvm.dll+0x128845]
#
# Failed to write core dump. Minidumps are not enabled by default on client versions of Windows
#
# If you would like to submit a bug report, please visit:
#   http://bugreport.java.com/bugreport/crash.jsp
#

---------------  T H R E A D  ---------------

Current thread (0x0000000058b7a800):  JavaThread "JDWP Transport Listener: dt_socket" daemon [_thread_in_vm, id=2772, stack(0x00000000593c0000,0x00000000594c0000)]

siginfo: ExceptionCode=0xc0000005, reading address 0x0000562900000008

Registers:
RAX=0x00000000594bf401, RBX=0x0000000058b7a800, RCX=0x0000562900000008, RDX=0x0000000000000000
RSP=0x00000000594bf440, RBP=0x0000562900000008, RSI=0x00000000594bf558, RDI=0x000000000236b1a0
R8 =0x0000000058b7a800, R9 =0x00000c0600ce001f, R10=0x0000000000000000, R11=0x00000000594bf6cc
R12=0x0000000000000000, R13=0x0000000058b7b028, R14=0x0000000000000000, R15=0x0000000000000000
RIP=0x0000000070058845, EFLAGS=0x0000000000010202

Top of Stack: (sp=0x00000000594bf440)
0x00000000594bf440:   0000000058b7a800 0000000058b7a800
0x00000000594bf450:   00000000594bf508 000000007025e18b
0x00000000594bf460:   0000000058b7a800 000000007027a9ed
0x00000000594bf470:   0000000000000000 0000000060e69155
0x00000000594bf480:   0000000058c45570 0000000060e7291e
0x00000000594bf490:   0000000058b7a800 0000000000000000
0x00000000594bf4a0:   0000000000000000 0000000000000000
0x00000000594bf4b0:   0000562900000008 0000000060e71a15
0x00000000594bf4c0:   00000000594bf558 00000000594bf530
0x00000000594bf4d0:   0000000000000001 0000000058c45570
0x00000000594bf4e0:   0000562900000008 0000000060e553b3
0x00000000594bf4f0:   00000000594bf620 0000000000000001
0x00000000594bf500:   0000000000000001 0000000058c45570
0x00000000594bf510:   0000000000000009 0000000000000000
0x00000000594bf520:   0000000000000000 0000000000000000
0x00000000594bf530:   0000000000000001 0000000060e55571 

Instructions: (pc=0x0000000070058845)
0x0000000070058825:   cc cc cc cc cc cc cc cc cc cc cc 48 83 ec 28 48
0x0000000070058835:   85 c9 75 07 33 c0 48 83 c4 28 c3 48 89 5c 24 20
0x0000000070058845:   48 8b 19 48 85 db 74 20 48 83 fb 37 74 1a 48 8b
0x0000000070058855:   13 48 8b cb ff 52 10 84 c0 74 0d 48 8b c3 48 8b 


Register to memory mapping:

RAX=0x00000000594bf401 is pointing into the stack for thread: 0x0000000058b7a800
RBX=0x0000000058b7a800 is a thread
RCX=0x0000562900000008 is an unknown value
RDX=0x0000000000000000 is an unknown value
RSP=0x00000000594bf440 is pointing into the stack for thread: 0x0000000058b7a800
RBP=0x0000562900000008 is an unknown value
RSI=0x00000000594bf558 is pointing into the stack for thread: 0x0000000058b7a800
RDI=0x000000000236b1a0 is an unknown value
R8 =0x0000000058b7a800 is a thread
R9 =0x00000c0600ce001f is an unknown value
R10=0x0000000000000000 is an unknown value
R11=0x00000000594bf6cc is pointing into the stack for thread: 0x0000000058b7a800
R12=0x0000000000000000 is an unknown value
R13=0x0000000058b7b028 is an unknown value
R14=0x0000000000000000 is an unknown value
R15=0x0000000000000000 is an unknown value


Stack: [0x00000000593c0000,0x00000000594c0000],  sp=0x00000000594bf440,  free space=1021k
Native frames: (J=compiled Java code, j=interpreted, Vv=VM code, C=native code)
V  [jvm.dll+0x128845]
V  [jvm.dll+0x34a9ed]
C  [jdwp.dll+0x21a15]
C  [jdwp.dll+0x53b3]
C  [jdwp.dll+0x5571]
C  [jdwp.dll+0xf0a8]
C  [jdwp.dll+0x1f2d5]
C  [jdwp.dll+0x1f4aa]
V  [jvm.dll+0x1bb8e8]
V  [jvm.dll+0x243134]
V  [jvm.dll+0x299f6a]
C  [msvcr100.dll+0x21d9f]
C  [msvcr100.dll+0x21e3b]
C  [kernel32.dll+0x1651d]
C  [ntdll.dll+0x2ba01]


---------------  P R O C E S S  ---------------

Java Threads: ( => current thread )
  0x0000000058c0f000 JavaThread "Service Thread" daemon [_thread_blocked, id=8928, stack(0x0000000059b40000,0x0000000059c40000)]
  0x0000000058ba0800 JavaThread "C1 CompilerThread2" daemon [_thread_blocked, id=2828, stack(0x00000000594e0000,0x00000000595e0000)]
  0x0000000058b92800 JavaThread "C2 CompilerThread1" daemon [_thread_blocked, id=1212, stack(0x00000000598f0000,0x00000000599f0000)]
  0x0000000058b9d000 JavaThread "C2 CompilerThread0" daemon [_thread_blocked, id=14188, stack(0x00000000597c0000,0x00000000598c0000)]
  0x0000000058b82000 JavaThread "JDWP Command Reader" daemon [_thread_in_native, id=7936, stack(0x0000000059640000,0x0000000059740000)]
  0x0000000058b7f000 JavaThread "JDWP Event Helper Thread" daemon [_thread_blocked, id=14208, stack(0x00000000590c0000,0x00000000591c0000)]
=>0x0000000058b7a800 JavaThread "JDWP Transport Listener: dt_socket" daemon [_thread_in_vm, id=2772, stack(0x00000000593c0000,0x00000000594c0000)]
  0x0000000057749800 JavaThread "Attach Listener" daemon [_thread_blocked, id=8468, stack(0x0000000058f80000,0x0000000059080000)]
  0x0000000057747000 JavaThread "Signal Dispatcher" daemon [_thread_blocked, id=8400, stack(0x0000000058940000,0x0000000058a40000)]
  0x00000000576eb800 JavaThread "Finalizer" daemon [_thread_blocked, id=8952, stack(0x0000000058a70000,0x0000000058b70000)]
  0x00000000576e5000 JavaThread "Reference Handler" daemon [_thread_blocked, id=2436, stack(0x0000000058840000,0x0000000058940000)]
  0x000000000236e800 JavaThread "main" [_thread_blocked, id=13056, stack(0x00000000024b0000,0x00000000025b0000)]

Other Threads:
  0x00000000576db800 VMThread [stack: 0x00000000586c0000,0x00000000587c0000] [id=4484]
  0x0000000058c14000 WatcherThread [stack: 0x00000000592a0000,0x00000000593a0000] [id=2112]

VM state:not at safepoint (normal execution)

VM Mutex/Monitor currently owned by a thread: None

Heap:
 PSYoungGen      total 38400K, used 2662K [0x00000000d5f00000, 0x00000000d8980000, 0x0000000100000000)
  eden space 33280K, 8% used [0x00000000d5f00000,0x00000000d6199a70,0x00000000d7f80000)
  from space 5120K, 0% used [0x00000000d8480000,0x00000000d8480000,0x00000000d8980000)
  to   space 5120K, 0% used [0x00000000d7f80000,0x00000000d7f80000,0x00000000d8480000)
 ParOldGen       total 87552K, used 0K [0x0000000081c00000, 0x0000000087180000, 0x00000000d5f00000)
  object space 87552K, 0% used [0x0000000081c00000,0x0000000081c00000,0x0000000087180000)
 Metaspace       used 3235K, capacity 4920K, committed 5120K, reserved 1056768K
  class space    used 328K, capacity 424K, committed 512K, reserved 1048576K

Card table byte_map: [0x0000000011c40000,0x0000000012040000] byte_map_base: 0x0000000011832000

Marking Bits: (ParMarkBitMap*) 0x000000007073a5b0
 Begin Bits: [0x0000000012a30000, 0x00000000149c0000)
 End Bits:   [0x00000000149c0000, 0x0000000016950000)

Polling page: 0x0000000000230000

CodeCache: size=245760Kb used=1130Kb max_used=1130Kb free=244629Kb
 bounds [0x0000000002880000, 0x0000000002af0000, 0x0000000011880000]
 total_blobs=268 nmethods=43 adapters=147
 compilation: enabled

Compilation events (10 events):
Event: 0.296 Thread 0x0000000058ba0800   39       1       java.net.URL::getAuthority (5 bytes)
Event: 0.296 Thread 0x0000000058ba0800 nmethod 39 0x00000000029986d0 code [0x0000000002998820, 0x0000000002998930]
Event: 0.296 Thread 0x0000000058ba0800   40       1       java.net.URL::getPath (5 bytes)
Event: 0.296 Thread 0x0000000058ba0800 nmethod 40 0x0000000002998990 code [0x0000000002998ae0, 0x0000000002998bf0]
Event: 0.296 Thread 0x0000000058ba0800   41  s    1       java.util.Vector::size (5 bytes)
Event: 0.296 Thread 0x0000000058ba0800 nmethod 41 0x0000000002998c50 code [0x0000000002998da0, 0x0000000002999010]
Event: 0.297 Thread 0x0000000058ba0800   42       3       java.lang.String::indexOf (166 bytes)
Event: 0.298 Thread 0x0000000058ba0800 nmethod 42 0x0000000002999090 code [0x0000000002999240, 0x0000000002999890]
Event: 0.301 Thread 0x0000000058ba0800   43       3       java.io.WinNTFileSystem::normalize (143 bytes)
Event: 0.302 Thread 0x0000000058ba0800 nmethod 43 0x0000000002999c90 code [0x0000000002999e80, 0x000000000299a708]

GC Heap History (0 events):
No events

Deoptimization events (0 events):
No events

Internal exceptions (2 events):
Event: 0.062 Thread 0x000000000236e800 Exception <a 'java/lang/NoSuchMethodError': Method sun.misc.Unsafe.defineClass(Ljava/lang/String;[BII)Ljava/lang/Class; name or signature does not match> (0x00000000d5f12d50) thrown at [C:\re\workspace\8-2-build-windows-amd64-cygwin\jdk8u60\4407\hotspot\srã'™Lï¯?
Event: 0.062 Thread 0x000000000236e800 Exception <a 'java/lang/NoSuchMethodError': Method sun.misc.Unsafe.prefetchRead(Ljava/lang/Object;J)V name or signature does not match> (0x00000000d5f13038) thrown at [C:\re\workspace\8-2-build-windows-amd64-cygwin\jdk8u60\4407\hotspot\src\share\vm\prims\j

Events (10 events):
Event: 3158.588 Executing VM operation: RedefineClasses
Event: 3158.589 Executing VM operation: RedefineClasses done
Event: 3204.789 Executing VM operation: RedefineClasses
Event: 3204.789 Executing VM operation: RedefineClasses done
Event: 3217.373 Executing VM operation: RedefineClasses
Event: 3217.373 Executing VM operation: RedefineClasses done
Event: 3380.798 Executing VM operation: RedefineClasses
Event: 3380.799 Executing VM operation: RedefineClasses done
Event: 5696.585 Executing VM operation: RedefineClasses
Event: 5696.585 Executing VM operation: RedefineClasses done


Dynamic libraries:
0x000000013f830000 - 0x000000013f867000 	C:\Program Files\Java\jdk1.8.0_60\bin\java.exe
0x0000000077240000 - 0x00000000773ea000 	C:\Windows\SYSTEM32\ntdll.dll
0x0000000077020000 - 0x000000007713f000 	C:\Windows\system32\kernel32.dll
0x000007fefd3d0000 - 0x000007fefd43b000 	C:\Windows\system32\KERNELBASE.dll
0x000007fefe8d0000 - 0x000007fefe9ab000 	C:\Windows\system32\ADVAPI32.dll
0x000007fefea90000 - 0x000007fefeb2f000 	C:\Windows\system32\msvcrt.dll
0x000007fefebd0000 - 0x000007fefebef000 	C:\Windows\SYSTEM32\sechost.dll
0x000007feff0b0000 - 0x000007feff1dd000 	C:\Windows\system32\RPCRT4.dll
0x0000000077140000 - 0x000000007723a000 	C:\Windows\system32\USER32.dll
0x000007fefe650000 - 0x000007fefe6b7000 	C:\Windows\system32\GDI32.dll
0x000007feff310000 - 0x000007feff31e000 	C:\Windows\system32\LPK.dll
0x000007fefefe0000 - 0x000007feff0a9000 	C:\Windows\system32\USP10.dll
0x000007fefc080000 - 0x000007fefc274000 	C:\Windows\WinSxS\amd64_microsoft.windows.common-controls_6595b64144ccf1df_6.0.7601.17514_none_fa396087175ac9ac\COMCTL32.dll
0x000007fefd840000 - 0x000007fefd8b1000 	C:\Windows\system32\SHLWAPI.dll
0x000007fefe6c0000 - 0x000007fefe6ee000 	C:\Windows\system32\IMM32.DLL
0x000007feff1e0000 - 0x000007feff2e9000 	C:\Windows\system32\MSCTF.dll
0x00000000614d0000 - 0x00000000615a2000 	C:\Program Files\Java\jdk1.8.0_60\jre\bin\msvcr100.dll
0x000000006ff30000 - 0x00000000707b9000 	C:\Program Files\Java\jdk1.8.0_60\jre\bin\server\jvm.dll
0x000007fefac90000 - 0x000007fefac99000 	C:\Windows\system32\WSOCK32.dll
0x000007fefee00000 - 0x000007fefee4d000 	C:\Windows\system32\WS2_32.dll
0x000007fefefd0000 - 0x000007fefefd8000 	C:\Windows\system32\NSI.dll
0x000007fef9a30000 - 0x000007fef9a6b000 	C:\Windows\system32\WINMM.dll
0x000007fefbda0000 - 0x000007fefbdac000 	C:\Windows\system32\VERSION.dll
0x0000000077410000 - 0x0000000077417000 	C:\Windows\system32\PSAPI.DLL
0x000000006da90000 - 0x000000006da9f000 	C:\Program Files\Java\jdk1.8.0_60\jre\bin\verify.dll
0x0000000069da0000 - 0x0000000069dc9000 	C:\Program Files\Java\jdk1.8.0_60\jre\bin\java.dll
0x0000000060e50000 - 0x0000000060e85000 	C:\Program Files\Java\jdk1.8.0_60\jre\bin\jdwp.dll
0x000000006aac0000 - 0x000000006aac8000 	C:\Program Files\Java\jdk1.8.0_60\jre\bin\npt.dll
0x000000006a440000 - 0x000000006a456000 	C:\Program Files\Java\jdk1.8.0_60\jre\bin\zip.dll
0x000007fefd8c0000 - 0x000007fefe648000 	C:\Windows\system32\SHELL32.dll
0x000007fefebf0000 - 0x000007fefedf3000 	C:\Windows\system32\ole32.dll
0x000007fefd190000 - 0x000007fefd19f000 	C:\Windows\system32\profapi.dll
0x000000006ecc0000 - 0x000000006ecc9000 	C:\Program Files\Java\jdk1.8.0_60\jre\bin\dt_socket.dll
0x000007fefc9a0000 - 0x000007fefc9f5000 	C:\Windows\system32\mswsock.dll
0x000007fefbe70000 - 0x000007fefbe77000 	C:\Windows\System32\wshtcpip.dll
0x000007fef8380000 - 0x000007fef84a5000 	C:\Windows\system32\dbghelp.dll

VM Arguments:
jvm_args: -agentlib:jdwp=transport=dt_socket,address=127.0.0.1:52548,suspend=y,server=n -Dfile.encoding=UTF-8 
java_command: com.javarush.test.level22.lesson13.task03.Solution
java_class_path (initial): C:\Program Files\Java\jdk1.8.0_60\jre\lib\charsets.jar;C:\Program Files\Java\jdk1.8.0_60\jre\lib\deploy.jar;C:\Program Files\Java\jdk1.8.0_60\jre\lib\javaws.jar;C:\Program Files\Java\jdk1.8.0_60\jre\lib\jce.jar;C:\Program Files\Java\jdk1.8.0_60\jre\lib\jfr.jar;C:\Program Files\Java\jdk1.8.0_60\jre\lib\jfxswt.jar;C:\Program Files\Java\jdk1.8.0_60\jre\lib\jsse.jar;C:\Program Files\Java\jdk1.8.0_60\jre\lib\management-agent.jar;C:\Program Files\Java\jdk1.8.0_60\jre\lib\plugin.jar;C:\Program Files\Java\jdk1.8.0_60\jre\lib\resources.jar;C:\Program Files\Java\jdk1.8.0_60\jre\lib\rt.jar;C:\Program Files\Java\jdk1.8.0_60\jre\lib\ext\access-bridge-64.jar;C:\Program Files\Java\jdk1.8.0_60\jre\lib\ext\cldrdata.jar;C:\Program Files\Java\jdk1.8.0_60\jre\lib\ext\dnsns.jar;C:\Program Files\Java\jdk1.8.0_60\jre\lib\ext\jaccess.jar;C:\Program Files\Java\jdk1.8.0_60\jre\lib\ext\jfxrt.jar;C:\Program Files\Java\jdk1.8.0_60\jre\lib\ext\localedata.jar;C:\Program Files\Java\jdk1.8.0_60\jre\lib\ext\nashorn.jar;C:\Program Files\Java\jdk1.8.0_60\jre\lib\ext\sunec.jar;C:\Program Files\Java\jdk1.8.0_60\jre\lib\ext\sunjce_provider.jar;C:\Program Files\Java\jdk1.8.0_60\jre\lib\ext\sunmscapi.jar;C:\Program Files\Java\jdk1.8.0_60\jre\lib\ext\sunpkcs11.jar;C:\Program Files\Java\jdk1.8.0_60\jre\lib\ext\zipfs.jar;D:\serg\SmartGit\JavaRushHomeWork\JavaRushHomeWork\src\com.javarush.test\production;D:\serg\Java\IntelliJ IDEA Community Edition 15.0.4\lib\idea_rt.jar
Launcher Type: SUN_STANDARD

Environment Variables:
JAVA_HOME=c:\Program Files\Java\jdk1.8.0_60
PATH=c:\Program Files (x86)\Intel\iCLS Client\;c:\Program Files\Intel\iCLS Client\;C:\Program Files (x86)\AMD APP\bin\x86_64;C:\Program Files (x86)\AMD APP\bin\x86;C:\Windows\system32;C:\Windows;C:\Windows\System32\Wbem;C:\Windows\System32\WindowsPowerShell\v1.0\;C:\Program Files (x86)\ATI Technologies\ATI.ACE\Core-Static;c:\Program Files\Java\jdk1.8.0_60\bin;C:\Windows\system32\wbem;C:\Program Files (x86)\IVT Corporation\BlueSoleil\Mobile;C:\Program Files\Intel\Intel(R) Management Engine Components\DAL;C:\Program Files\Intel\Intel(R) Management Engine Components\IPT;C:\Program Files (x86)\Intel\Intel(R) Management Engine Components\DAL;C:\Program Files (x86)\Intel\Intel(R) Management Engine Components\IPT;C:\Program Files (x86)\Skype\Phone\;%USERPROFILE%\.dnx\bin;C:\Program Files\Microsoft DNX\Dnvm\;C:\Program Files (x86)\Brackets\command;C:\Program Files (x86)\QuickTime\QTSystem\;d:\serg\Java\tools\maven\\bin;C:\Users\Sergei.Sasinovich\AppData\Local\atom\bin
USERNAME=sergei.sasinovich
OS=Windows_NT
PROCESSOR_IDENTIFIER=Intel64 Family 6 Model 42 Stepping 7, GenuineIntel



---------------  S Y S T E M  ---------------

OS: Windows 7 , 64 bit Build 7601 (6.1.7601.22436)

CPU:total 4 (2 cores per cpu, 2 threads per core) family 6 model 42 stepping 7, cmov, cx8, fxsr, mmx, sse, sse2, sse3, ssse3, sse4.1, sse4.2, popcnt, avx, clmul, ht, tsc, tscinvbit

Memory: 4k page, physical 8269536k(3459876k free), swap 16537216k(10159252k free)

vm_info: Java HotSpot(TM) 64-Bit Server VM (25.60-b23) for windows-amd64 JRE (1.8.0_60-b27), built on Aug  4 2015 11:06:27 by "java_re" with MS VC++ 10.0 (VS2010)

time: Tue Apr 19 11:58:49 2016
elapsed time: 5697 seconds (0d 1h 34m 57s)

